2026-07-06 12:07:27,901 - INFO - [orders.py:9] - Sending API request to Binance Testnet with params: {'symbol': 'BTCUSDT', 'side': 'BUY', 'order_type': 'MARKET', 'quantity': 1.23, 'price': None}
2026-07-06 12:07:28,822 - INFO - [orders.py:24] - API order placement successful. Raw Response: {'orderId': 19508739074, 'symbol': 'BTCUSDT', 'status': 'NEW', 'clientOrderId': 'kEGutunye6Al1kdUG75XA7', 'price': '0.00', 'origQty': '1.2300', 'executedQty': '0.0000', 'cumQty': '0.0000', 'timeInForce': 'GTC', 'type': 'MARKET', 'reduceOnly': False, 'closePosition': False, 'side': 'BUY', 'positionSide': 'BOTH', 'stopPrice': '0.00', 'workingType': 'CONTRACT_PRICE', 'priceProtect': False, 'origType': 'MARKET', 'priceMatch': 'NONE', 'selfTradePreventionMode': 'EXPIRE_MAKER', 'goodTillDate': 0, 'updateTime': 1783319848975}
2026-07-06 12:08:11,325 - INFO - [orders.py:9] - Sending API request to Binance Testnet with params: {'symbol': 'BTCUSDT', 'side': 'SELL', 'order_type': 'LIMIT', 'quantity': 2.56, 'price': 301485.0}
2026-07-06 12:08:12,413 - ERROR - [orders.py:28] - Binance API Error encountered: Code=-2019, Message=Margin is insufficient.
2026-07-06 12:08:35,182 - INFO - [orders.py:9] - Sending API request to Binance Testnet with params: {'symbol': 'ETHUSDT', 'side': 'SELL', 'order_type': 'MARKET', 'quantity': 4.25, 'price': None}
2026-07-06 12:08:36,205 - INFO - [orders.py:24] - API order placement successful. Raw Response: {'orderId': 12109753897, 'symbol': 'ETHUSDT', 'status': 'NEW', 'clientOrderId': 'XJdzeakrPwSYFLjasr5rWh', 'price': '0.00', 'origQty': '4.250', 'executedQty': '0.000', 'cumQty': '0.000', 'timeInForce': 'GTC', 'type': 'MARKET', 'reduceOnly': False, 'closePosition': False, 'side': 'SELL', 'positionSide': 'BOTH', 'stopPrice': '0.00', 'workingType': 'CONTRACT_PRICE', 'priceProtect': False, 'origType': 'MARKET', 'priceMatch': 'NONE', 'selfTradePreventionMode': 'EXPIRE_MAKER', 'goodTillDate': 0, 'updateTime': 1783319916386}
2026-07-06 12:09:08,102 - INFO - [orders.py:9] - Sending API request to Binance Testnet with params: {'symbol': 'BTCUSDT', 'side': 'SELL', 'order_type': 'LIMIT', 'quantity': 2.4, 'price': 60214.0}
2026-07-06 12:09:09,125 - ERROR - [orders.py:28] - Binance API Error encountered: Code=-2019, Message=Margin is insufficient.
2026-07-06 12:09:27,665 - INFO - [orders.py:9] - Sending API request to Binance Testnet with params: {'symbol': 'BTCUSDT', 'side': 'BUY', 'order_type': 'MARKET', 'quantity': 4.6, 'price': None}
2026-07-06 12:09:28,322 - ERROR - [orders.py:28] - Binance API Error encountered: Code=-2019, Message=Margin is insufficient.
2026-07-06 12:09:53,758 - INFO - [orders.py:9] - Sending API request to Binance Testnet with params: {'symbol': 'BTCUSDT', 'side': 'BUY', 'order_type': 'MARKET', 'quantity': 1.2, 'price': None}
2026-07-06 12:09:55,149 - ERROR - [orders.py:28] - Binance API Error encountered: Code=-2019, Message=Margin is insufficient.
2026-07-06 12:07:27,901 - INFO - [orders.py:9] - Sending API request to Binance Testnet with params: {'symbol': 'BTCUSDT', 'side': 'BUY', 'order_type': 'MARKET', 'quantity': 1.23, 'price': None}
2026-07-06 12:07:28,822 - INFO - [orders.py:24] - API order placement successful. Raw Response: {'orderId': 19508739074, 'symbol': 'BTCUSDT', 'status': 'NEW', 'clientOrderId': 'kEGutunye6Al1kdUG75XA7', 'price': '0.00', 'origQty': '1.2300', 'executedQty': '0.0000', 'cumQty': '0.0000', 'timeInForce': 'GTC', 'type': 'MARKET', 'reduceOnly': False, 'closePosition': False, 'side': 'BUY', 'positionSide': 'BOTH', 'stopPrice': '0.00', 'workingType': 'CONTRACT_PRICE', 'priceProtect': False, 'origType': 'MARKET', 'priceMatch': 'NONE', 'selfTradePreventionMode': 'EXPIRE_MAKER', 'goodTillDate': 0, 'updateTime': 1783319848975}2026-07-06 12:11:14,344 - INFO - [orders.py:9] - Sending API request to Binance Testnet with params: {'symbol': 'ETHUSDT', 'side': 'BUY', 'order_type': 'MARKET', 'quantity': 0.01, 'price': None}
2026-07-06 12:11:15,273 - ERROR - [orders.py:28] - Binance API Error encountered: Code=-4164, Message=Order's notional must be no smaller than 20 (unless you choose reduce only).
2026-07-06 12:11:52,211 - INFO - [orders.py:9] - Sending API request to Binance Testnet with params: {'symbol': 'BTCUSDT', 'side': 'BUY', 'order_type': 'LIMIT', 'quantity': 2.1, 'price': 2000.0}
2026-07-06 12:11:53,526 - INFO - [orders.py:24] - API order placement successful. Raw Response: {'orderId': 19509500737, 'symbol': 'BTCUSDT', 'status': 'NEW', 'clientOrderId': 'IL00e8Nd9W6lcJq9w9ojvB', 'price': '2000.00', 'origQty': '2.1000', 'executedQty': '0.0000', 'cumQty': '0.0000', 'timeInForce': 'GTC', 'type': 'LIMIT', 'reduceOnly': False, 'closePosition': False, 'side': 'BUY', 'positionSide': 'BOTH', 'stopPrice': '0.00', 'workingType': 'CONTRACT_PRICE', 'priceProtect': False, 'origType': 'LIMIT', 'priceMatch': 'NONE', 'selfTradePreventionMode': 'EXPIRE_MAKER', 'goodTillDate': 0, 'updateTime': 1783320113628}
2026-07-06 12:12:19,860 - INFO - [orders.py:9] - Sending API request to Binance Testnet with params: {'symbol': 'ETHUSDT', 'side': 'BUY', 'order_type': 'MARKET', 'quantity': 2.1, 'price': None}
2026-07-06 12:12:20,871 - INFO - [orders.py:24] - API order placement successful. Raw Response: {'orderId': 12110105730, 'symbol': 'ETHUSDT', 'status': 'NEW', 'clientOrderId': 'VFIAINAnZwGAOvxP9hZ6lT', 'price': '0.00', 'origQty': '2.100', 'executedQty': '0.000', 'cumQty': '0.000', 'timeInForce': 'GTC', 'type': 'MARKET', 'reduceOnly': False, 'closePosition': False, 'side': 'BUY', 'positionSide': 'BOTH', 'stopPrice': '0.00', 'workingType': 'CONTRACT_PRICE', 'priceProtect': False, 'origType': 'MARKET', 'priceMatch': 'NONE', 'selfTradePreventionMode': 'EXPIRE_MAKER', 'goodTillDate': 0, 'updateTime': 1783320141021}
2026-07-06 12:12:41,454 - INFO - [orders.py:9] - Sending API request to Binance Testnet with params: {'symbol': 'BTCUSDT', 'side': 'BUY', 'order_type': 'MARKET', 'quantity': 2.31, 'price': None}

